
---------- Date: 2016-02-16 11:09:17 ~ IP : ::1 ----------
REQUEST URI : /testopencart/index.php?route=product/product&product_id=42
MOD DETAILS:
   modFile   : C:\AppServ\www\testopencart\vqmod/xml/multimerch_core_sellermenu.xml
   id        : MultiMerch Core Seller Menu
   version   : 
   vqmver    : 
   author    : http://multimerch.com/

File Name    : catalog/view/theme/journal2/template/common/header.tpl(0)
VQModObject::applyMod - SEARCH NOT FOUND (SKIPPED): <li><a href="<?php echo $contact; ?>"><i class="fa fa-phone"></i></a> <span class="hidden-xs hidden-sm hidden-md"><?php echo $telephone; ?></span></li>

----------------------------------------------------------------------


---------- Date: 2016-02-16 11:31:15 ~ IP : ::1 ----------
REQUEST URI : /testopencart/index.php?route=product/product&product_id=42
MOD DETAILS:
   modFile   : C:\AppServ\www\testopencart\vqmod/xml/multimerch_core_sellermenu.xml
   id        : MultiMerch Core Seller Menu
   version   : 
   vqmver    : 
   author    : http://multimerch.com/

File Name    : catalog/view/theme/journal2/template/common/header.tpl(0)
VQModObject::applyMod - SEARCH NOT FOUND (SKIPPED): <li><a href="<?php echo $contact; ?>"><i class="fa fa-phone"></i></a> <span class="hidden-xs hidden-sm hidden-md"><?php echo $telephone; ?></span></li>

MOD DETAILS:
   modFile   : C:\AppServ\www\testopencart\vqmod/xml/multimerch_core_productpage.xml
   id        : MultiMerch Core Product Page Mods
   version   : 
   vqmver    : 
   author    : http://multimerch.com/

File Name    : catalog/view/theme/journal2/template/product/product.tpl(2)
VQModObject::applyMod - SEARCH NOT FOUND (ABORTING MOD): <div class="tab-pane" id="tab-specification">
----------------------------------------------------------------------


---------- Date: 2016-02-16 11:53:06 ~ IP : ::1 ----------
REQUEST URI : /testopencart/index.php?route=product/product&product_id=40
MOD DETAILS:
   modFile   : C:\AppServ\www\testopencart\vqmod/xml/multimerch_core_sellermenu.xml
   id        : MultiMerch Core Seller Menu
   version   : 
   vqmver    : 
   author    : http://multimerch.com/

File Name    : catalog/view/theme/journal2/template/common/header.tpl(0)
VQModObject::applyMod - SEARCH NOT FOUND (SKIPPED): <li><a href="<?php echo $contact; ?>"><i class="fa fa-phone"></i></a> <span class="hidden-xs hidden-sm hidden-md"><?php echo $telephone; ?></span></li>

----------------------------------------------------------------------


---------- Date: 2016-02-16 11:53:59 ~ IP : ::1 ----------
REQUEST URI : /testopencart/index.php?route=product/product&product_id=40
MOD DETAILS:
   modFile   : C:\AppServ\www\testopencart\vqmod/xml/multimerch_core_sellermenu.xml
   id        : MultiMerch Core Seller Menu
   version   : 
   vqmver    : 
   author    : http://multimerch.com/

File Name    : catalog/view/theme/journal2/template/common/header.tpl(0)
VQModObject::applyMod - SEARCH NOT FOUND (SKIPPED): <li><a href="<?php echo $contact; ?>"><i class="fa fa-phone"></i></a> <span class="hidden-xs hidden-sm hidden-md"><?php echo $telephone; ?></span></li>

----------------------------------------------------------------------


---------- Date: 2016-02-16 11:54:58 ~ IP : ::1 ----------
REQUEST URI : /testopencart/index.php?route=product/product&product_id=40
MOD DETAILS:
   modFile   : C:\AppServ\www\testopencart\vqmod/xml/multimerch_core_sellermenu.xml
   id        : MultiMerch Core Seller Menu
   version   : 
   vqmver    : 
   author    : http://multimerch.com/

File Name    : catalog/view/theme/journal2/template/common/header.tpl(0)
VQModObject::applyMod - SEARCH NOT FOUND (SKIPPED): <li><a href="<?php echo $contact; ?>"><i class="fa fa-phone"></i></a> <span class="hidden-xs hidden-sm hidden-md"><?php echo $telephone; ?></span></li>

----------------------------------------------------------------------


---------- Date: 2016-02-16 13:44:19 ~ IP : ::1 ----------
REQUEST URI : /testopencart/index.php?route=product/product&product_id=42
MOD DETAILS:
   modFile   : C:\AppServ\www\testopencart\vqmod/xml/multimerch_core_sellermenu.xml
   id        : MultiMerch Core Seller Menu
   version   : 
   vqmver    : 
   author    : http://multimerch.com/

File Name    : catalog/view/theme/journal2/template/common/header.tpl(0)
VQModObject::applyMod - SEARCH NOT FOUND (SKIPPED): <li><a href="<?php echo $contact; ?>"><i class="fa fa-phone"></i></a> <span class="hidden-xs hidden-sm hidden-md"><?php echo $telephone; ?></span></li>

----------------------------------------------------------------------


---------- Date: 2016-02-16 13:49:21 ~ IP : ::1 ----------
REQUEST URI : /testopencart/index.php?route=product/product&product_id=42
MOD DETAILS:
   modFile   : C:\AppServ\www\testopencart\vqmod/xml/multimerch_core_sellermenu.xml
   id        : MultiMerch Core Seller Menu
   version   : 
   vqmver    : 
   author    : http://multimerch.com/

File Name    : catalog/view/theme/journal2/template/common/header.tpl(0)
VQModObject::applyMod - SEARCH NOT FOUND (SKIPPED): <li><a href="<?php echo $contact; ?>"><i class="fa fa-phone"></i></a> <span class="hidden-xs hidden-sm hidden-md"><?php echo $telephone; ?></span></li>

----------------------------------------------------------------------


---------- Date: 2016-02-16 15:27:51 ~ IP : ::1 ----------
REQUEST URI : /testopencart/
MOD DETAILS:
   modFile   : C:\AppServ\www\testopencart\vqmod/xml/sellegance_blog.xml
   id        : OPENCART BLOG
   version   : 1.0
   vqmver    : 2.5.0
   author    : Karl Pers - openthemer@gmail.com

File Name    : catalog/controller/common/seo_url.php(4)
VQModObject::applyMod - SEARCH NOT FOUND (SKIPPED): ($data['route'] == 'information/information' && $key == 'information_id'))
----------------------------------------------------------------------


